-------------------------------------------------------------------------------
Test set: shape.PolygoneTest
-------------------------------------------------------------------------------
Tests run: 3, Failures: 1, Errors: 0, Skipped: 0, Time elapsed: 0.027 s <<< FAILURE! -- in shape.PolygoneTest
shape.PolygoneTest.testToString -- Time elapsed: 0.022 s <<< FAILURE!
org.opentest4j.AssertionFailedError: expected: <Polygone{Shape[id=1, fill= , thickness=1.0, color=#000000, rotation=0.0], points=[Point{x=0, y=1, color=#000000}]}> but was: <Polygone{Shape[id=3, fill= , thickness=1.0, color=#000000, rotation=0.0], points=[Point{x=0, y=1, color=#000000}]}>
	at org.junit.jupiter.api.AssertionFailureBuilder.build(AssertionFailureBuilder.java:151)
	at org.junit.jupiter.api.AssertionFailureBuilder.buildAndThrow(AssertionFailureBuilder.java:132)
	at org.junit.jupiter.api.AssertEquals.failNotEqual(AssertEquals.java:197)
	at org.junit.jupiter.api.AssertEquals.assertEquals(AssertEquals.java:182)
	at org.junit.jupiter.api.AssertEquals.assertEquals(AssertEquals.java:177)
	at org.junit.jupiter.api.Assertions.assertEquals(Assertions.java:1145)
	at shape.PolygoneTest.testToString(PolygoneTest.java:37)
	at java.base/java.lang.reflect.Method.invoke(Method.java:580)
	at java.base/java.util.ArrayList.forEach(ArrayList.java:1596)
	at java.base/java.util.ArrayList.forEach(ArrayList.java:1596)

